[debug] [2025-01-04T10:54:12.298Z] ----------------------------------------------------------------------
[debug] [2025-01-04T10:54:12.301Z] Command:       C:\Program Files\nodejs\node.exe C:\Users\appa9\AppData\Roaming\npm\node_modules\firebase-tools\lib\bin\firebase.js init
[debug] [2025-01-04T10:54:12.302Z] CLI Version:   13.29.1
[debug] [2025-01-04T10:54:12.302Z] Platform:      win32
[debug] [2025-01-04T10:54:12.302Z] Node Version:  v20.15.0
[debug] [2025-01-04T10:54:12.302Z] Time:          Sat Jan 04 2025 11:54:12 GMT+0100 (közép-európai téli idő)
[debug] [2025-01-04T10:54:12.302Z] ----------------------------------------------------------------------
[debug] 
[debug] [2025-01-04T10:54:12.309Z] > command requires scopes: ["email","openid","https://www.googleapis.com/auth/cloudplatformprojects.readonly","https://www.googleapis.com/auth/firebase","https://www.googleapis.com/auth/cloud-platform"]
[debug] [2025-01-04T10:54:12.310Z] > authorizing via signed-in user (sllyx29@gmail.com)
[info] 
     ######## #### ########  ######## ########     ###     ######  ########
     ##        ##  ##     ## ##       ##     ##  ##   ##  ##       ##
     ######    ##  ########  ######   ########  #########  ######  ######
     ##        ##  ##    ##  ##       ##     ## ##     ##       ## ##
     ##       #### ##     ## ######## ########  ##     ##  ######  ########

You're about to initialize a Firebase project in this directory:

  C:\Users\appa9\OneDrive\Asztali gép\firebase-vegsomodulzaro\finale

[info] 
=== Project Setup
[info] 
[info] First, let's associate this project directory with a Firebase project.
[info] You can create multiple project aliases by running firebase use --add, 
[info] but for now we'll just set up a default project.
[info] 
[debug] [2025-01-04T10:54:32.389Z] Checked if tokens are valid: true, expires at: 1735990973653
[debug] [2025-01-04T10:54:32.390Z] Checked if tokens are valid: true, expires at: 1735990973653
[debug] [2025-01-04T10:54:32.392Z] >>> [apiv2][query] GET https://firebase.googleapis.com/v1beta1/projects pageSize=100
[debug] [2025-01-04T10:54:32.897Z] <<< [apiv2][status] GET https://firebase.googleapis.com/v1beta1/projects 200
[debug] [2025-01-04T10:54:32.897Z] <<< [apiv2][body] GET https://firebase.googleapis.com/v1beta1/projects [omitted]
[info] i  Using project fir-react-55710 (firebase-react) 
[info] 
=== Hosting Setup
[debug] [2025-01-04T10:54:39.838Z] Checked if tokens are valid: true, expires at: 1735990973653
[debug] [2025-01-04T10:54:39.838Z] Checked if tokens are valid: true, expires at: 1735990973653
[debug] [2025-01-04T10:54:39.839Z] >>> [apiv2][query] GET https://firebase.googleapis.com/v1beta1/projects/fir-react-55710 [none]
[debug] [2025-01-04T10:54:40.174Z] <<< [apiv2][status] GET https://firebase.googleapis.com/v1beta1/projects/fir-react-55710 200
[debug] [2025-01-04T10:54:40.174Z] <<< [apiv2][body] GET https://firebase.googleapis.com/v1beta1/projects/fir-react-55710 {"projectId":"fir-react-55710","projectNumber":"460785562671","displayName":"firebase-react","name":"projects/fir-react-55710","resources":{"hostingSite":"fir-react-55710"},"state":"ACTIVE","etag":"1_8140c48f-72df-4451-a757-6a5bfa51b5c3"}
[info] 
[info] Your public directory is the folder (relative to your project directory) that
[info] will contain Hosting assets to be uploaded with firebase deploy. If you
[info] have a build process for your assets, use your build's output directory.
[info] 
[info] i  public/404.html is unchanged 
[debug] [2025-01-04T10:56:32.469Z] >>> [apiv2][query] GET https://www.gstatic.com/firebasejs/releases.json [none]
[debug] [2025-01-04T10:56:32.545Z] <<< [apiv2][status] GET https://www.gstatic.com/firebasejs/releases.json 200
[debug] [2025-01-04T10:56:32.545Z] <<< [apiv2][body] GET https://www.gstatic.com/firebasejs/releases.json {"current":{"version":"11.1.0","browserURL":"https://www.gstatic.com/firebasejs/11.1.0/firebase.js","packageURL":"https://www.gstatic.com/firebasejs/11.1.0/firebase.tgz"},"live":{"version":"11.1","browserURL":"https://www.gstatic.com/firebasejs/live/11.1/firebase.js","packageURL":"https://www.gstatic.com/firebasejs/live/11.1/firebase.tgz"},"components":{"analytics":"https://www.gstatic.com/firebasejs/11.1.0/firebase-analytics.js","app":"https://www.gstatic.com/firebasejs/11.1.0/firebase-app.js","app-check":"https://www.gstatic.com/firebasejs/11.1.0/firebase-app-check.js","auth":"https://www.gstatic.com/firebasejs/11.1.0/firebase-auth.js","auth/cordova":"https://www.gstatic.com/firebasejs/11.1.0/firebase-auth/cordova.js","auth/web-extension":"https://www.gstatic.com/firebasejs/11.1.0/firebase-auth/web-extension.js","functions":"https://www.gstatic.com/firebasejs/11.1.0/firebase-functions.js","firestore":"https://www.gstatic.com/firebasejs/11.1.0/firebase-firestore.js","firestore/lite":"https://www.gstatic.com/firebasejs/11.1.0/firebase-firestore/lite.js","installations":"https://www.gstatic.com/firebasejs/11.1.0/firebase-installations.js","storage":"https://www.gstatic.com/firebasejs/11.1.0/firebase-storage.js","performance":"https://www.gstatic.com/firebasejs/11.1.0/firebase-performance.js","remote-config":"https://www.gstatic.com/firebasejs/11.1.0/firebase-remote-config.js","messaging":"https://www.gstatic.com/firebasejs/11.1.0/firebase-messaging.js","messaging/sw":"https://www.gstatic.com/firebasejs/11.1.0/firebase-messaging/sw.js","database":"https://www.gstatic.com/firebasejs/11.1.0/firebase-database.js","vertexai":"https://www.gstatic.com/firebasejs/11.1.0/firebase-vertexai.js","data-connect":"https://www.gstatic.com/firebasejs/11.1.0/firebase-data-connect.js","firestore.memory":"https://www.gstatic.com/firebasejs/11.1.0/firebase-firestore.memory.js"}}
[info] i  Skipping write of public/index.html 
[info] 
[info] i  Detected a .git folder at C:\Users\appa9\OneDrive\Asztali gép\firebase-vegsomodulzaro\finale 
[info] i  Authorizing with GitHub to upload your service account to a GitHub repository's secrets store. 
[info] 
[info] Visit this URL on this device to log in:
[info] https://github.com/login/oauth/authorize?client_id=89cf50f02ac6aaed3484&state=747984028&redirect_uri=http%3A%2F%2Flocalhost%3A9005&scope=read%3Auser%20repo%20public_repo
[info] 
[info] Waiting for authentication...
[debug] [2025-01-04T10:56:45.888Z] >>> [apiv2][query] POST https://github.com/login/oauth/access_token [none]
[debug] [2025-01-04T10:56:45.888Z] >>> [apiv2][body] POST https://github.com/login/oauth/access_token [stream]
[debug] [2025-01-04T10:56:46.236Z] <<< [apiv2][status] POST https://github.com/login/oauth/access_token 200
[debug] [2025-01-04T10:56:46.236Z] <<< [apiv2][body] POST https://github.com/login/oauth/access_token {"access_token":"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","token_type":"bearer","scope":"read:user,repo"}
[debug] [2025-01-04T10:56:46.242Z] >>> [apiv2][query] GET https://api.github.com/user [none]
[debug] [2025-01-04T10:56:46.589Z] <<< [apiv2][status] GET https://api.github.com/user 200
[debug] [2025-01-04T10:56:46.590Z] <<< [apiv2][body] GET https://api.github.com/user {"login":"rmrms","id":111531669,"node_id":"U_kgDOBqXWlQ","avatar_url":"https://avatars.githubusercontent.com/u/111531669?v=4","gravatar_id":"","url":"https://api.github.com/users/rmrms","html_url":"https://github.com/rmrms","followers_url":"https://api.github.com/users/rmrms/followers","following_url":"https://api.github.com/users/rmrms/following{/other_user}","gists_url":"https://api.github.com/users/rmrms/gists{/gist_id}","starred_url":"https://api.github.com/users/rmrms/starred{/owner}{/repo}","subscriptions_url":"https://api.github.com/users/rmrms/subscriptions","organizations_url":"https://api.github.com/users/rmrms/orgs","repos_url":"https://api.github.com/users/rmrms/repos","events_url":"https://api.github.com/users/rmrms/events{/privacy}","received_events_url":"https://api.github.com/users/rmrms/received_events","type":"User","user_view_type":"private","site_admin":false,"name":"M4t3","company":null,"blog":"","location":"Slovakia","email":null,"hireable":null,"bio":null,"twitter_username":null,"notification_email":null,"public_repos":3,"public_gists":0,"followers":0,"following":0,"created_at":"2022-08-18T18:28:51Z","updated_at":"2025-01-02T16:06:53Z","private_gists":0,"total_private_repos":5,"owned_private_repos":5,"disk_usage":6369,"collaborators":0,"two_factor_authentication":true,"plan":{"name":"free","space":976562499,"collaborators":0,"private_repos":10000}}
[info] 
[info] +  Success! Logged into GitHub as rmrms 
[info] 
